<?xml version="1.0" encoding="UTF-8"?>
<!-- Generated by org.testng.reporters.JUnitReportReporter -->
<testsuite hostname="NTP-LAP-836" failures="0" tests="4" name="org.ictsite.scripts.TestClass" time="23.887" errors="0" timestamp="2022-12-16T00:02:17 IST" skipped="0">
  <testcase classname="org.ictsite.scripts.TestClass" name="ValidLoginVerification" time="5.926"/>
  <system-out/>
  <testcase classname="org.ictsite.scripts.TestClass" name="ValidHomeVerification" time="3.763"/>
  <system-out/>
  <testcase classname="org.ictsite.scripts.TestClass" name="ValidAddEmpVerification" time="7.733"/>
  <system-out/>
  <testcase classname="org.ictsite.scripts.TestClass" name="listEmployee" time="6.465"/>
  <system-out/>
</testsuite> <!-- org.ictsite.scripts.TestClass -->
