<?xml version="1.0" encoding="UTF-8"?>
<!-- Generated by org.testng.reporters.JUnitReportReporter -->
<testsuite hostname="NTP-LAP-836" failures="0" tests="4" name="org.ictsite.scripts.TestClass" time="9.867" errors="0" timestamp="2022-12-16T00:30:49 IST" skipped="0">
  <testcase classname="org.ictsite.scripts.TestClass" name="ValidLoginVerification" time="2.298"/>
  <system-out/>
  <testcase classname="org.ictsite.scripts.TestClass" name="ValidHomeVerification" time="1.551"/>
  <system-out/>
  <testcase classname="org.ictsite.scripts.TestClass" name="ValidAddEmpVerification" time="2.444"/>
  <system-out/>
  <testcase classname="org.ictsite.scripts.TestClass" name="listEmployee" time="3.574"/>
  <system-out/>
</testsuite> <!-- org.ictsite.scripts.TestClass -->
